\BOOKMARK [0][-]{chapter*.2}{Wstep}{}% 1
\BOOKMARK [0][-]{chapter.1}{Opis zagadnienia}{}% 2
\BOOKMARK [1][-]{section.1.1}{Zr\363d\233a danych o po\233aczeniach lotniczych}{chapter.1}% 3
\BOOKMARK [1][-]{section.1.2}{Parsowanie danych}{chapter.1}% 4
\BOOKMARK [2][-]{subsection.1.2.1}{Jezyk znacznik\363w XML}{section.1.2}% 5
\BOOKMARK [2][-]{subsection.1.2.2}{Notacja JSON}{section.1.2}% 6
\BOOKMARK [2][-]{subsection.1.2.3}{Jezyk HTML}{section.1.2}% 7
\BOOKMARK [1][-]{section.1.3}{Wydajnosc wyszukiwania}{chapter.1}% 8
\BOOKMARK [0][-]{chapter.2}{Przeglad istniejacych rozwiazan}{}% 9
\BOOKMARK [1][-]{section.2.1}{Wyszukiwarka lot\363w Skyscanner}{chapter.2}% 10
\BOOKMARK [1][-]{section.2.2}{Wyszukiwarka lot\363w Google Flights}{chapter.2}% 11
\BOOKMARK [1][-]{section.2.3}{Por\363wnanie aplikacji}{chapter.2}% 12
\BOOKMARK [0][-]{chapter.3}{Projekt aplikacji}{}% 13
\BOOKMARK [1][-]{section.3.1}{Diagram przypadk\363w uzycia}{chapter.3}% 14
\BOOKMARK [1][-]{section.3.2}{Diagram aktywnosci}{chapter.3}% 15
\BOOKMARK [1][-]{section.3.3}{Architektura aplikacji}{chapter.3}% 16
\BOOKMARK [1][-]{section.3.4}{Projekt bazy danych}{chapter.3}% 17
\BOOKMARK [1][-]{section.3.5}{Projekt interfejsu uzytkownika}{chapter.3}% 18
\BOOKMARK [2][-]{subsection.3.5.1}{Projekt strony g\233\363wnej}{section.3.5}% 19
\BOOKMARK [2][-]{subsection.3.5.2}{Projekt panelu wyszukiwania lot\363w}{section.3.5}% 20
\BOOKMARK [2][-]{subsection.3.5.3}{Projekt strony z wynikami wyszukiwania}{section.3.5}% 21
\BOOKMARK [1][-]{section.3.6}{Modu\233 wyszukiwania po\233aczen lotniczych}{chapter.3}% 22
\BOOKMARK [1][-]{section.3.7}{Komunikacja miedzy komponentami aplikacji}{chapter.3}% 23
\BOOKMARK [2][-]{subsection.3.7.1}{Protok\363\233 HTTP}{section.3.7}% 24
\BOOKMARK [2][-]{subsection.3.7.2}{JDBC}{section.3.7}% 25
\BOOKMARK [2][-]{subsection.3.7.3}{I/O}{section.3.7}% 26
\BOOKMARK [1][-]{section.3.8}{Podsumowanie}{chapter.3}% 27
\BOOKMARK [0][-]{chapter.4}{Implementacja}{}% 28
\BOOKMARK [1][-]{section.4.1}{Oprogramowanie po stronie klienta}{chapter.4}% 29
\BOOKMARK [2][-]{subsection.4.1.1}{Podzia\233 strukturalny}{section.4.1}% 30
\BOOKMARK [2][-]{subsection.4.1.2}{Modu\233y pobierania danych}{section.4.1}% 31
\BOOKMARK [2][-]{subsection.4.1.3}{Interfejs graficzny}{section.4.1}% 32
\BOOKMARK [1][-]{section.4.2}{Oprogramowanie po stronie serwera}{chapter.4}% 33
\BOOKMARK [2][-]{subsection.4.2.1}{Podzia\233 na pakiety}{section.4.2}% 34
\BOOKMARK [2][-]{subsection.4.2.2}{Oprogramowanie wyszukujace po\233aczenia lotnicze}{section.4.2}% 35
\BOOKMARK [2][-]{subsection.4.2.3}{Parsowanie danych}{section.4.2}% 36
\BOOKMARK [2][-]{subsection.4.2.4}{Zabezpieczenia}{section.4.2}% 37
\BOOKMARK [2][-]{subsection.4.2.5}{Kontrolery serwera}{section.4.2}% 38
\BOOKMARK [0][-]{chapter.5}{Testy}{}% 39
\BOOKMARK [1][-]{section.5.1}{Testy jednostkowe}{chapter.5}% 40
\BOOKMARK [1][-]{section.5.2}{Testy integracji}{chapter.5}% 41
\BOOKMARK [0][-]{chapter.6}{Uwagi i wnioski}{}% 42
